Drill Listing
=============
Drill: .01  Tool: 1  Feed: 95  Speed: 300
X 151000  Y 195500
X 185000  Y 205000
X 239342  Y 211933
X 246842  Y 211933
X 254342  Y 211933
X 256496  Y 220279
X 266842  Y 215933
X 272842  Y 217433
X 275842  Y 210433
X 280842  Y 210433
X 285342  Y 209933
X 286842  Y 217933
X 289342  Y 217933
X 300842  Y 209933
X 309342  Y 220433
X 330342  Y 200433
X 342842  Y 200433
X 520342  Y 225031
X 520342  Y 240031
X 520342  Y 245031
X 509405  Y 235031
X 509405  Y 230031
X 500342  Y 225031
X 500342  Y 240031
X 500342  Y 245031
X 489405  Y 235031
X 489342  Y 241342
X 489342  Y 243842
X 471342  Y 236433
X 470842  Y 222183
X 449342  Y 225433
X 362500  Y 240500
X 362342  Y 229433
X 309342  Y 242933
X 309342  Y 240433
X 309342  Y 222933
X 305342  Y 223933
X 305342  Y 226433
X 293342  Y 220933
X 290842  Y 220933
X 289842  Y 244433
X 289842  Y 240433
X 285842  Y 244433
X 285842  Y 240433
X 281842  Y 240433
X 281842  Y 244433
X 280889  Y 222933
X 280889  Y 220933
X 278921  Y 229933
X 277842  Y 244433
X 277842  Y 240433
X 276952  Y 222933
X 276952  Y 220933
X 274984  Y 229933
X 273342  Y 222933
X 270842  Y 222933
X 269078  Y 229933
X 268092  Y 239543
X 268092  Y 233637
X 267842  Y 245448
X 267110  Y 220933
X 267110  Y 222933
X 263342  Y 220933
X 260842  Y 229933
X 259842  Y 231933
X 258842  Y 229933
X 257842  Y 231933
X 246842  Y 231933
X 240342  Y 231433
X 235842  Y 231933
X 232842  Y 224433
X 229842  Y 226433
X 243500  Y 259500
X 247500  Y 265500
X 258842  Y 258933
X 258842  Y 261433
X 267842  Y 257259
X 268092  Y 251354
X 276952  Y 270433
X 277842  Y 252433
X 277842  Y 248433
X 278921  Y 262933
X 280842  Y 269433
X 281842  Y 252433
X 281842  Y 248433
X 285842  Y 248433
X 285842  Y 252433
X 289842  Y 248433
X 289842  Y 252433
X 299842  Y 247433
X 302842  Y 268933
X 308342  Y 251807
X 308342  Y 249307
X 309842  Y 267433
X 309842  Y 264933
X 311342  Y 246933
X 313842  Y 246933
X 314842  Y 259433
X 314842  Y 256933
X 322342  Y 249933
X 326342  Y 253779
X 334842  Y 247086
X 489405  Y 265031
X 489405  Y 250031
X 500342  Y 249842
X 500342  Y 264842
X 500342  Y 260031
X 502842  Y 264842
X 502842  Y 249842
X 509405  Y 255031
X 509405  Y 250031
X 509405  Y 270031
X 520342  Y 265031
X 520342  Y 260031
X 520342  Y 269842
X 522842  Y 269842
X 522842  Y 289842
X 520342  Y 289842
X 520342  Y 280031
X 520342  Y 285031
X 509405  Y 285031
X 509342  Y 276342
X 509342  Y 278842
X 509342  Y 293842
X 509342  Y 291342
X 502842  Y 279842
X 502842  Y 294842
X 500342  Y 279842
X 500342  Y 294842
X 500342  Y 290031
X 500342  Y 275031
X 489405  Y 280031
X 489405  Y 295031
X 430342  Y 276433
X 426342  Y 279433
X 421342  Y 279433
X 416342  Y 279433
X 411342  Y 279433
X 406342  Y 279433
X 401342  Y 279433
X 396342  Y 279433
X 391342  Y 279433
X 386342  Y 279433
X 381342  Y 279433
X 371342  Y 279433
X 366342  Y 279433
X 361342  Y 279433
X 356342  Y 279433
X 351342  Y 279433
X 346342  Y 279433
X 341342  Y 279433
X 336342  Y 279433
X 331342  Y 279433
X 326342  Y 279433
X 302842  Y 271433
X 298842  Y 276433
X 298842  Y 273933
X 295842  Y 279933
X 293342  Y 279933
X 283042  Y 273433
X 280842  Y 271933
X 278342  Y 273433
X 276842  Y 294433
X 271342  Y 294933
X 269500  Y 272500
X 247500  Y 276500
X 185000  Y 274500
X 151000  Y 284000
X 209842  Y 317336
X 277342  Y 312653
X 277842  Y 297433
X 277842  Y 309594
X 278092  Y 301433
X 278092  Y 304976
X 286842  Y 295933
X 289842  Y 302433
X 300266  Y 298933
X 300342  Y 304933
X 300342  Y 315212
X 300342  Y 310094
X 302342  Y 307535
X 302342  Y 317771
X 302342  Y 312653
X 309342  Y 295933
X 442342  Y 320433
X 489405  Y 310031
X 500342  Y 304933
X 500342  Y 310031
X 500342  Y 320031
X 509342  Y 306342
X 509342  Y 308842
X 509405  Y 315031
X 509405  Y 300031
X 520342  Y 309842
X 520342  Y 305031
X 520342  Y 300031
X 520342  Y 320031
X 522842  Y 309842
X 520342  Y 330031
X 520342  Y 335031
X 520342  Y 325031
X 520342  Y 340031
X 520342  Y 345031
X 509405  Y 335031
X 509405  Y 340031
X 509405  Y 345031
X 509405  Y 330031
X 509342  Y 321342
X 509342  Y 323842
X 500500  Y 330000
X 500342  Y 340031
X 500342  Y 345031
X 500342  Y 335031
X 500342  Y 325031
X 489405  Y 345031
X 489405  Y 335031
X 489405  Y 325031
X 489405  Y 340031
X 455842  Y 343433
X 453842  Y 337933
X 451842  Y 329933
X 446342  Y 340933
X 446342  Y 322433
X 445342  Y 333433
X 445342  Y 330433
X 423092  Y 333933
X 422842  Y 343933
X 415592  Y 333933
X 407842  Y 333933
X 400592  Y 333933
X 387342  Y 327433
X 381842  Y 324933
X 376842  Y 344933
X 374342  Y 324933
X 371842  Y 329933
X 370842  Y 345433
X 366842  Y 324933
X 359342  Y 324933
X 351842  Y 324933
X 344000  Y 337000
X 339500  Y 330500
X 335500  Y 328000
X 335000  Y 337000
X 330500  Y 330000
X 304500  Y 323500
X 301000  Y 341000
X 301000  Y 337500
X 301000  Y 344500
X 290842  Y 338933
X 290842  Y 335933
X 290342  Y 328008
X 288342  Y 325448
X 281342  Y 325933
X 279342  Y 343610
X 278342  Y 327933
X 277842  Y 322933
X 277342  Y 341051
X 266000  Y 338500
X 264000  Y 344000
X 260000  Y 333000
X 246000  Y 342500
X 241500  Y 342500
X 234842  Y 342500
X 230000  Y 342500
X 209842  Y 324029
X 201842  Y 324433
X 150996  Y 343933
X 190342  Y 362433
X 223842  Y 368000
X 246842  Y 357433
X 253000  Y 368000
X 257500  Y 349500
X 260500  Y 349500
X 264500  Y 350500
X 266500  Y 348000
X 277000  Y 365000
X 277000  Y 360500
X 277342  Y 346169
X 277342  Y 348733
X 279000  Y 362500
X 285000  Y 367500
X 287500  Y 369500
X 289342  Y 351433
X 289842  Y 364082
X 291342  Y 361523
X 300842  Y 351433
X 304342  Y 357933
X 306642  Y 365933
X 309342  Y 369857
X 311042  Y 365933
X 317342  Y 365933
X 320342  Y 355933
X 320342  Y 348933
X 321342  Y 365933
X 321342  Y 369933
X 334842  Y 357433
X 339842  Y 348933
X 339842  Y 363933
X 339842  Y 356433
X 363000  Y 349500
X 364842  Y 356433
X 365500  Y 348000
X 368342  Y 347433
X 372342  Y 362933
X 372342  Y 366433
X 372342  Y 369933
X 375842  Y 362933
X 375842  Y 366433
X 375842  Y 369933
X 379342  Y 362933
X 379342  Y 366433
X 379342  Y 369933
X 382842  Y 366433
X 382842  Y 369933
X 382842  Y 362933
X 382842  Y 351433
X 385842  Y 351433
X 386842  Y 346433
X 389342  Y 356433
X 393842  Y 345933
X 396842  Y 367933
X 405342  Y 350933
X 405342  Y 365933
X 420500  Y 349000
X 421000  Y 359000
X 421000  Y 354000
X 432842  Y 358933
X 433842  Y 350433
X 433842  Y 346933
X 434342  Y 361433
X 445842  Y 361643
X 456342  Y 350933
X 456342  Y 356523
X 457692  Y 361933
X 457842  Y 353933
X 462342  Y 361933
X 469842  Y 361933
X 489342  Y 360031
X 489342  Y 365031
X 489405  Y 355031
X 489405  Y 370031
X 500342  Y 360031
X 500342  Y 355031
X 500342  Y 350031
X 500342  Y 365031
X 500405  Y 370031
X 509342  Y 370031
X 509342  Y 355031
X 509405  Y 360031
X 520342  Y 350031
X 520342  Y 355031
X 520342  Y 360031
X 520342  Y 365031
X 529000  Y 395000
X 521000  Y 395000
X 520342  Y 380031
X 520342  Y 385031
X 509342  Y 375031
X 500405  Y 375031
X 500342  Y 380031
X 500342  Y 395031
X 489405  Y 385031
X 489342  Y 380031
X 489342  Y 375031
X 489342  Y 390031
X 489342  Y 395031
X 471000  Y 380500
X 404342  Y 386433
X 389342  Y 386433
X 382842  Y 373433
X 379342  Y 373433
X 375842  Y 373433
X 375342  Y 387433
X 372688  Y 388933
X 372342  Y 373433
X 369342  Y 387433
X 365996  Y 388933
X 343746  Y 382933
X 339500  Y 391000
X 339342  Y 371433
X 335842  Y 377433
X 333342  Y 387771
X 333342  Y 382653
X 331842  Y 394933
X 331842  Y 380094
X 331842  Y 374976
X 331842  Y 385212
X 320842  Y 387933
X 318500  Y 385433
X 316000  Y 382500
X 313500  Y 380000
X 311342  Y 372433
X 309500  Y 378000
X 309342  Y 390433
X 309342  Y 374976
X 297000  Y 384000
X 297000  Y 376000
X 297000  Y 380000
X 290842  Y 388433
X 270342  Y 388433
X 268342  Y 380933
X 265842  Y 380933
X 258842  Y 394933
X 254842  Y 371000
X 252000  Y 388000
X 225842  Y 371000
X 201842  Y 377024
X 201842  Y 384524
X 150842  Y 384933
X 190342  Y 405433
X 244342  Y 409933
X 244342  Y 417433
X 244342  Y 403433
X 262000  Y 417500
X 262342  Y 398433
X 264842  Y 414543
X 265342  Y 401433
X 265842  Y 416433
X 266842  Y 414543
X 267342  Y 407933
X 267342  Y 404933
X 267842  Y 416433
X 270342  Y 407933
X 270342  Y 404933
X 275842  Y 418433
X 275842  Y 413433
X 276842  Y 400933
X 276842  Y 403933
X 278842  Y 405433
X 278842  Y 402433
X 280842  Y 418433
X 280842  Y 413433
X 284342  Y 401933
X 284342  Y 404433
X 286842  Y 418433
X 286842  Y 413433
X 288842  Y 400433
X 288842  Y 402933
X 291842  Y 418433
X 291842  Y 413433
X 297342  Y 407933
X 297342  Y 405433
X 297842  Y 399933
X 297842  Y 397433
X 300342  Y 407933
X 300342  Y 405433
X 302842  Y 412933
X 302842  Y 410433
X 302842  Y 407433
X 303842  Y 403933
X 303842  Y 401433
X 305342  Y 407433
X 309842  Y 395933
X 309842  Y 411933
X 324342  Y 420433
X 324342  Y 417933
X 331842  Y 397933
X 342842  Y 410500
X 362342  Y 396433
X 368000  Y 403500
X 373500  Y 403500
X 379000  Y 403500
X 384500  Y 403500
X 389342  Y 401433
X 396842  Y 401433
X 404342  Y 401433
X 471500  Y 407500
X 489405  Y 420031
X 489405  Y 400031
X 489405  Y 415031
X 500342  Y 410031
X 500342  Y 415031
X 500342  Y 420031
X 509405  Y 420031
X 509405  Y 410031
X 509405  Y 400031
X 509405  Y 405031
X 509405  Y 415031
X 520342  Y 415031
X 520342  Y 410031
X 520342  Y 420031
X 520342  Y 400031
X 521000  Y 405000
X 529000  Y 405000
X 525842  Y 437433
X 512342  Y 441433
X 469000  Y 424000
X 428342  Y 430933
X 418842  Y 441933
X 418842  Y 430933
X 405842  Y 430933
X 405842  Y 441933
X 400342  Y 441933
X 397342  Y 430933
X 394342  Y 441933
X 388842  Y 441933
X 388842  Y 430933
X 379342  Y 430933
X 354842  Y 430933
X 346342  Y 430933
X 334842  Y 430933
X 329342  Y 430933
X 323842  Y 430933
X 305342  Y 436933
X 303842  Y 431433
X 303842  Y 433933
X 303842  Y 442433
X 303842  Y 439933
X 302842  Y 436933
X 300342  Y 437933
X 300342  Y 434933
X 297342  Y 437933
X 297342  Y 434933
X 291842  Y 429433
X 291842  Y 424433
X 291342  Y 442933
X 288842  Y 442933
X 286842  Y 429433
X 286842  Y 437933
X 286842  Y 424433
X 286842  Y 439933
X 280842  Y 429433
X 280842  Y 424433
X 276842  Y 440433
X 276842  Y 438433
X 275842  Y 429433
X 275842  Y 424433
X 273842  Y 445433
X 270342  Y 434933
X 270342  Y 437933
X 267842  Y 428322
X 267342  Y 437933
X 267342  Y 434933
X 265842  Y 428322
X 264342  Y 440433
X 262342  Y 424933
X 261342  Y 443433
X 260342  Y 424933
X 255342  Y 420933
X 246500  Y 430500
X 246342  Y 440933
X 244342  Y 424933
X 201842  Y 436933
X 201842  Y 444433
X 150996  Y 463433
X 244500  Y 460500
X 252500  Y 452500
X 258342  Y 446433
X 261842  Y 470183
X 266842  Y 459433
X 266842  Y 462433
X 266885  Y 466933
X 272342  Y 457433
X 274342  Y 452433
X 276842  Y 451433
X 278342  Y 467433
X 300842  Y 470094
X 301342  Y 458933
X 302342  Y 467433
X 309842  Y 455433
X 324842  Y 459933
X 324842  Y 452433
X 342842  Y 464933
X 369842  Y 455933
X 410342  Y 459433
X 412842  Y 465933
X 415342  Y 462433
X 512342  Y 450433
X 512592  Y 457683
X 512842  Y 465933
X 521842  Y 463433
X 524842  Y 463433
X 530500  Y 446000
X 531000  Y 450500
X 531000  Y 457500
X 531592  Y 466933
X 531342  Y 477433
X 527342  Y 470683
X 527342  Y 474151
X 518124  Y 477933
X 512592  Y 472651
X 416000  Y 494000
X 379000  Y 493500
X 379000  Y 478500
X 371500  Y 493500
X 364000  Y 493500
X 364000  Y 478500
X 356500  Y 493500
X 349000  Y 493500
X 349000  Y 478500
X 341500  Y 493500
X 340342  Y 472933
X 300842  Y 480330
X 289842  Y 489008
X 289842  Y 485448
X 282500  Y 479500
X 282500  Y 471000
X 278092  Y 488008
X 277842  Y 482889
X 267842  Y 472043
X 267842  Y 475212
X 265500  Y 482500
X 262000  Y 474000
X 150842  Y 504933
X 201342  Y 504524
X 201342  Y 497024
X 246842  Y 516933
X 247342  Y 512433
X 288292  Y 514933
X 293342  Y 519933
X 304627  Y 517933
X 313092  Y 517433
X 320437  Y 514933
X 324842  Y 509433
X 327342  Y 513433
X 345842  Y 505433
X 349342  Y 502933
X 366342  Y 512653
X 366500  Y 517000
X 387842  Y 511433
X 387842  Y 516933
X 424342  Y 499433
X 470592  Y 512279
X 489405  Y 510622
X 500342  Y 500622
X 500342  Y 515622
X 509405  Y 510622
X 509405  Y 505622
X 520342  Y 500622
X 520342  Y 515622
X 522842  Y 545433
X 520342  Y 520622
X 520342  Y 535622
X 520342  Y 540622
X 520342  Y 545433
X 509405  Y 525622
X 509405  Y 530622
X 509342  Y 545433
X 509342  Y 536933
X 509342  Y 539433
X 502842  Y 525433
X 502842  Y 540433
X 500342  Y 535433
X 500342  Y 520622
X 500342  Y 525433
X 500342  Y 540433
X 489405  Y 540622
X 489342  Y 525433
X 391342  Y 545433
X 391342  Y 539433
X 388342  Y 534433
X 387842  Y 545433
X 387842  Y 539433
X 385342  Y 542433
X 385342  Y 534433
X 382500  Y 527000
X 377000  Y 528500
X 374000  Y 528500
X 370342  Y 534433
X 327342  Y 525708
X 313092  Y 545183
X 287842  Y 527433
X 279842  Y 530933
X 279342  Y 533933
X 269842  Y 541433
X 269342  Y 527933
X 266842  Y 538843
X 266842  Y 532723
X 266842  Y 535933
X 254842  Y 527933
X 254000  Y 541500
X 243342  Y 528933
X 239342  Y 523933
X 201342  Y 557524
X 201342  Y 565024
X 213842  Y 546433
X 218842  Y 557524
X 266000  Y 566500
X 266842  Y 551643
X 275500  Y 566500
X 279342  Y 551433
X 293092  Y 549933
X 302842  Y 566933
X 309342  Y 548933
X 322842  Y 566933
X 356342  Y 558933
X 366642  Y 567433
X 369842  Y 570433
X 373842  Y 558933
X 377842  Y 555433
X 381342  Y 546433
X 381842  Y 555633
X 398092  Y 556433
X 407842  Y 554433
X 410842  Y 567433
X 422842  Y 567433
X 423342  Y 554783
X 489405  Y 555622
X 500342  Y 565433
X 500342  Y 550433
X 500342  Y 555433
X 502842  Y 555433
X 509342  Y 566933
X 509342  Y 554433
X 509342  Y 569433
X 509342  Y 551933
X 509405  Y 560622
X 520342  Y 555622
X 520342  Y 565433
X 520342  Y 560622
X 522842  Y 565433
X 520342  Y 575622
X 520342  Y 580622
X 520342  Y 586933
X 520342  Y 589433
X 509405  Y 575622
X 509405  Y 590622
X 502842  Y 585433
X 500342  Y 580433
X 500342  Y 585433
X 500342  Y 595433
X 489405  Y 585622
X 489405  Y 570622
X 421842  Y 586433
X 417045  Y 594933
X 417000  Y 583000
X 417000  Y 585500
X 417000  Y 592000
X 417000  Y 589000
X 407000  Y 588000
X 406842  Y 592683
X 394342  Y 583933
X 385342  Y 575933
X 367342  Y 573433
X 346592  Y 572683
X 341842  Y 577933
X 338649  Y 573933
X 338500  Y 577500
X 332000  Y 593500
X 332000  Y 587500
X 327035  Y 573933
X 318399  Y 573933
X 318342  Y 585433
X 314342  Y 582133
X 306785  Y 573933
X 264000  Y 570500
X 150842  Y 584024
X 197842  Y 612433
X 275842  Y 615933
X 276500  Y 607000
X 278342  Y 615933
X 293500  Y 602000
X 299842  Y 619933
X 300000  Y 611500
X 300000  Y 617433
X 300000  Y 614500
X 323092  Y 598854
X 324342  Y 606433
X 332000  Y 597500
X 335342  Y 610433
X 343842  Y 618933
X 354842  Y 605933
X 364842  Y 610933
X 365000  Y 601500
X 375842  Y 611933
X 375842  Y 615433
X 398342  Y 599104
X 398842  Y 606183
X 407000  Y 597500
X 414342  Y 606183
X 489342  Y 615433
X 489405  Y 600622
X 500342  Y 610622
X 500342  Y 600433
X 500342  Y 615433
X 502842  Y 600433
X 502842  Y 615433
X 509342  Y 596933
X 509342  Y 605433
X 509342  Y 599433
X 520342  Y 615622
X 520342  Y 595622
X 520342  Y 600622
X 520342  Y 605433
X 522842  Y 605433
X 520500  Y 625500
X 520342  Y 620622
X 520342  Y 630622
X 520342  Y 640622
X 520342  Y 635622
X 509500  Y 630500
X 509405  Y 620622
X 509405  Y 635622
X 509342  Y 625622
X 500342  Y 635622
X 500342  Y 640622
X 500342  Y 625622
X 500342  Y 630622
X 489405  Y 630622
X 424342  Y 642933
X 416842  Y 642933
X 297842  Y 639433
X 297842  Y 641933
X 295342  Y 644933
X 292342  Y 644933
X 287342  Y 627433
X 286842  Y 637433
X 283842  Y 639933
X 278842  Y 643433
X 278842  Y 641433
X 273342  Y 642933
X 273342  Y 640433
X 271342  Y 641933
X 271342  Y 644433
X 267000  Y 626000
X 265342  Y 644433
X 262342  Y 644433
X 259842  Y 639933
X 257842  Y 637933
X 256000  Y 636000
X 248000  Y 628000
X 241342  Y 643933
X 201342  Y 624024
X 150842  Y 624933
X 197842  Y 653933
X 239342  Y 657933
X 239342  Y 665433
X 239342  Y 650433
X 250342  Y 661433
X 255342  Y 664433
X 256842  Y 656933
X 257342  Y 664433
X 258842  Y 653933
X 259842  Y 668433
X 260342  Y 655933
X 261842  Y 653933
X 262342  Y 647433
X 262342  Y 668433
X 262842  Y 655933
X 265342  Y 647433
X 270842  Y 664433
X 270842  Y 653433
X 270842  Y 658433
X 270842  Y 669433
X 275842  Y 653433
X 275842  Y 658433
X 275842  Y 664433
X 275842  Y 669433
X 281842  Y 664433
X 281842  Y 658433
X 281842  Y 653433
X 281842  Y 669433
X 286842  Y 653433
X 286842  Y 658433
X 286842  Y 664433
X 286842  Y 669433
X 292342  Y 647933
X 295342  Y 647933
X 298342  Y 649433
X 298342  Y 645933
X 298342  Y 651933
X 299342  Y 657933
X 299342  Y 660433
X 401842  Y 661433
X 401842  Y 666433
X 427000  Y 666500
X 427000  Y 661500
X 437842  Y 646933
X 437842  Y 653433
X 442500  Y 661500
X 442500  Y 666500
X 470342  Y 666933
X 489405  Y 645622
X 489405  Y 660622
X 500342  Y 655622
X 500342  Y 645622
X 500342  Y 650622
X 500342  Y 665622
X 509405  Y 650622
X 509405  Y 645622
X 509405  Y 655622
X 520342  Y 665622
X 520342  Y 650622
X 520342  Y 645622
X 520342  Y 655622
X 520342  Y 660622
X 529000  Y 680500
X 529000  Y 670500
X 523500  Y 680500
X 523500  Y 670500
X 520342  Y 685622
X 520342  Y 675622
X 509405  Y 670622
X 509405  Y 680622
X 509405  Y 690622
X 500500  Y 690500
X 500342  Y 670622
X 500342  Y 685622
X 489405  Y 675622
X 489342  Y 690622
X 480842  Y 689433
X 470342  Y 688433
X 437500  Y 684000
X 427500  Y 676500
X 403842  Y 691933
X 388496  Y 692683
X 380188  Y 692683
X 310842  Y 674433
X 310842  Y 671933
X 298842  Y 681933
X 298842  Y 675933
X 298842  Y 679433
X 295342  Y 674933
X 295342  Y 677933
X 292342  Y 677933
X 292342  Y 674933
X 289842  Y 686433
X 289842  Y 683933
X 282342  Y 681933
X 282342  Y 679933
X 276342  Y 684433
X 276342  Y 681433
X 275889  Y 677933
X 273842  Y 679933
X 270842  Y 682433
X 270842  Y 694933
X 270842  Y 679933
X 267342  Y 689933
X 265342  Y 674933
X 265342  Y 677933
X 262342  Y 677933
X 262342  Y 674933
X 260342  Y 680433
X 256342  Y 684433
X 252842  Y 687933
X 241842  Y 678933
X 239342  Y 672933
X 201842  Y 684024
X 197688  Y 672433
X 150996  Y 703024
X 267342  Y 696933
X 282342  Y 697433
X 325535  Y 719933
X 338342  Y 719933
X 341842  Y 716133
X 346842  Y 710933
X 352342  Y 716133
X 369842  Y 703933
X 369842  Y 696433
X 415592  Y 696433
X 423092  Y 696433
X 459342  Y 707933
X 462342  Y 717933
X 469000  Y 715500
X 470342  Y 702433
X 472500  Y 705000
X 474500  Y 708000
X 475500  Y 713000
X 489500  Y 695500
X 500342  Y 695622
X 520342  Y 695622
X 416000  Y 750000
X 416000  Y 761500
X 411342  Y 767433
X 411142  Y 755933
X 390592  Y 758844
X 384092  Y 751021
X 379370  Y 762683
X 367681  Y 756933
X 367622  Y 760433
X 367592  Y 767933
X 351342  Y 750183
X 351342  Y 761433
X 346842  Y 734933
X 346842  Y 737779
X 346092  Y 766933
X 345842  Y 755433
X 326592  Y 766433
X 326342  Y 756933
X 325592  Y 761403
X 319181  Y 750933
X 314370  Y 762683
X 303181  Y 757933
X 303181  Y 767433
X 303092  Y 761403
X 277842  Y 769933
X 274342  Y 764933
X 274342  Y 761433
X 274342  Y 747933
X 274342  Y 750933
X 263500  Y 723000
X 263500  Y 735000
X 201842  Y 744433
X 197688  Y 732933
X 150842  Y 744933
X 170342  Y 793933
X 199342  Y 795433
X 212592  Y 778933
X 214842  Y 795433
X 231842  Y 778933
X 236342  Y 787933
X 242842  Y 783433
X 251342  Y 787433
X 257842  Y 780933
X 269649  Y 781433
X 287092  Y 772683
X 304292  Y 782433
X 310503  Y 773933
X 321842  Y 778933
X 328342  Y 779183
X 351592  Y 772683
X 366500  Y 782500
X 381342  Y 782933
X 383092  Y 774433
X 391342  Y 771433
X 347492  Y 801433
X 338092  Y 804933
X 334592  Y 811433
X 323092  Y 804933
X 316842  Y 808433
X 278342  Y 801433
X 277342  Y 814933
X 275842  Y 810433
X 273342  Y 804933
X 270842  Y 807433
X 266842  Y 801433
X 265842  Y 813433
X 259842  Y 815433
X 259842  Y 806433
X 256842  Y 799433
X 254342  Y 799433
X 251342  Y 798433
X 251342  Y 805933
X 247842  Y 817933
X 239342  Y 806433
X 238842  Y 813433
X 238342  Y 798933
X 231889  Y 818933
X 231342  Y 811980
X 230342  Y 807433
X 206842  Y 817433
X 206842  Y 814933
X 205842  Y 805433
X 187842  Y 803433
X 187842  Y 805933
X 172342  Y 816433
X 147842  Y 805183
X 147842  Y 800183
X 147842  Y 842683
X 150842  Y 833433
X 159342  Y 837433
X 168092  Y 836433
X 171842  Y 842683
X 175842  Y 836433
X 183342  Y 836433
X 190842  Y 836433
X 202842  Y 825433
X 207342  Y 827933
X 230342  Y 829933
X 230842  Y 825433
X 230842  Y 836933
X 231842  Y 821433
X 232842  Y 839433
X 237342  Y 833433
X 238842  Y 823433
X 241842  Y 834933
X 244342  Y 834933
X 250326  Y 826933
X 255842  Y 840933
X 258342  Y 840933
X 260342  Y 823433
X 268842  Y 822933
X 270842  Y 840933
X 273842  Y 840933
X 279842  Y 822933
X 286842  Y 825433
X 289342  Y 827433
X 291842  Y 829818
X 311000  Y 838500
X 314500  Y 838500
X 317000  Y 825000
X 318000  Y 838500
X 320500  Y 825000
X 324000  Y 825000
X 436842  Y 854933
X 432842  Y 848933
X 420342  Y 858433
X 406342  Y 872933
X 400671  Y 872933
X 394765  Y 872933
X 388860  Y 872933
X 276092  Y 856433
X 275342  Y 882433
X 268592  Y 856433
X 268342  Y 882433
X 261092  Y 856433
X 253592  Y 856433
X 246842  Y 849933
X 238842  Y 857433
X 223342  Y 850183
X 199342  Y 879933
X 192842  Y 867933
X 192342  Y 879933
X 188842  Y 871933
X 184342  Y 868933
X 180342  Y 864933
X 180188  Y 880433
X 171842  Y 847683
X 169342  Y 890183
X 164342  Y 874933
X 150592  Y 872933

Drill: .035  Tool: 2  Feed: 197  Speed: 550
X 358842  Y 881933
X 358842  Y 871933

Drill: .037  Tool: 3  Feed: 197  Speed: 550
X 371843  Y 235500
X 371843  Y 225500
X 381843  Y 235500
X 381843  Y 225500
X 391843  Y 235500
X 391843  Y 225500
X 401843  Y 225500
X 401843  Y 235500
X 411843  Y 225500
X 411843  Y 235500
X 421843  Y 225500
X 421843  Y 235500
X 431843  Y 225500
X 431843  Y 235500
X 346842  Y 848433
X 346842  Y 858433
X 336842  Y 848433
X 336842  Y 858433
X 326842  Y 848433
X 326842  Y 858433
X 316842  Y 858433
X 316842  Y 848433
X 306842  Y 858433
X 306842  Y 848433
X 296842  Y 858433
X 296842  Y 848433
X 286842  Y 858433
X 286842  Y 848433

Drill: .05  Tool: 4  Feed: 107  Speed: 550
X 492866  Y 429543
X 504874  Y 215448
X 504874  Y 491039
X 492866  Y 705133

Drill: .05118  Tool: 5  Feed: 107  Speed: 550
X 377049  Y 869976
X 434135  Y 869976
X 436498  Y 889464
X 374687  Y 889464

Drill: .062  Tool: 6  Feed: 89  Speed: 550
X 119342  Y 199524
X 119342  Y 219524
X 119342  Y 259524
X 129342  Y 269524
X 129342  Y 209524
X 139342  Y 219524
X 139342  Y 199524
X 139342  Y 259524
X 139342  Y 279524
X 139342  Y 319524
X 139342  Y 339524
X 129342  Y 329524
X 119342  Y 279524
X 119342  Y 339524
X 119342  Y 319524
X 119342  Y 379524
X 119342  Y 399524
X 119342  Y 439524
X 129342  Y 389524
X 139342  Y 399524
X 139342  Y 379524
X 139342  Y 439524
X 139342  Y 459524
X 139342  Y 519524
X 139342  Y 499524
X 129342  Y 509524
X 129342  Y 449524
X 119342  Y 519524
X 119342  Y 459524
X 119342  Y 499524
X 119342  Y 559524
X 119342  Y 579524
X 119342  Y 619524
X 129342  Y 569524
X 139342  Y 579524
X 139342  Y 559524
X 139342  Y 619524
X 139342  Y 639524
X 139342  Y 679524
X 129342  Y 629524
X 129342  Y 689524
X 119342  Y 639524
X 119342  Y 679524
X 119342  Y 699524
X 119342  Y 739524
X 119342  Y 759524
X 129342  Y 749524
X 139342  Y 739524
X 139342  Y 699524
X 139342  Y 759524
X 139342  Y 799524
X 139342  Y 819524
X 139342  Y 859524
X 129342  Y 809524
X 129342  Y 869524
X 119342  Y 799524
X 119342  Y 859524
X 119342  Y 819524
X 119342  Y 879524
X 139342  Y 879524

Drill: .1063  Tool: 7  Feed: 69  Speed: 658
X 234500  Y 321000
X 497000  Y 198500
X 497000  Y 446492
X 497000  Y 474051
X 259000  Y 593000
X 254500  Y 756000
X 497000  Y 722122

End of Listing
